<?xml version="1.0" encoding="UTF-8"?>
<!-- Generated by org.testng.reporters.JUnitXMLReporter -->
<testsuite ignored="0" hostname="DESKTOP-7A2K48V" failures="0" tests="7" name="Buttons_Test" time="17.272" errors="0" timestamp="09 Sept 2024 04:29:08 GMT">
  <testcase classname="testingbaba_tests.Buttons_Test" name="ToVerify_Closebtn" time="0.327"/>
  <testcase classname="testingbaba_tests.Buttons_Test" name="ToVerify_Practice" time="2.194"/>
  <testcase classname="testingbaba_tests.Buttons_Test" name="ToVerify_Elements" time="0.377"/>
  <testcase classname="testingbaba_tests.Buttons_Test" name="ToVerify_Buttons" time="0.251"/>
  <testcase classname="testingbaba_tests.Buttons_Test" name="ToVerify_DoubleClick" time="0.345"/>
  <testcase classname="testingbaba_tests.Buttons_Test" name="ToVerify_SingleClick" time="0.396"/>
  <testcase classname="testingbaba_tests.Buttons_Test" name="ToVerify_RightClick" time="0.374"/>
</testsuite> <!-- Buttons_Test -->
