<?xml version="1.0" encoding="UTF-8"?>
<!-- Generated by org.testng.reporters.JUnitXMLReporter -->
<testsuite ignored="0" hostname="DESKTOP-7A2K48V" failures="0" tests="6" name="Testbox_test" time="22.29" errors="0" timestamp="09 Sept 2024 04:26:29 GMT">
  <testcase classname="testingbaba_tests.TestBox_Test" name="Toverify_titleOf_testingbaba" time="0.016"/>
  <testcase classname="testingbaba_tests.TestBox_Test" name="clickon_elements" time="0.301"/>
  <testcase classname="testingbaba_tests.TestBox_Test" name="clickontextbox" time="0.159"/>
  <testcase classname="testingbaba_tests.TestBox_Test" name="filldetails" time="2.957"/>
  <testcase classname="testingbaba_tests.TestBox_Test" name="getVerify" time="0.697"/>
  <testcase classname="testingbaba_tests.TestBox_Test" name="closeWindow" time="5.295"/>
</testsuite> <!-- Testbox_test -->
