<?xml version="1.0" encoding="UTF-8"?>
<testng-results ignored="0" total="1" passed="1" failed="0" skipped="0">
  <reporter-output>
  </reporter-output>
  <suite started-at="2024-12-17T11:11:35Z" name="Default suite" finished-at="2024-12-17T11:11:56Z" duration-ms="21312">
    <groups>
    </groups>
    <test started-at="2024-12-17T11:11:35Z" name="Default test" finished-at="2024-12-17T11:11:56Z" duration-ms="21312">
      <class name="testingbaba_tests.Login_Test">
        <test-method is-config="true" signature="getLaunchUrl_testingbaba()[pri:0, instance:testingbaba_tests.Login_Test@1b955cac]" started-at="2024-12-17T16:41:35Z" name="getLaunchUrl_testingbaba" finished-at="2024-12-17T16:41:55Z" duration-ms="20901" status="PASS">
          <reporter-output>
          </reporter-output>
        </test-method> <!-- getLaunchUrl_testingbaba -->
        <test-method signature="Toverify_titleOf_testingbaba()[pri:0, instance:testingbaba_tests.Login_Test@1b955cac]" started-at="2024-12-17T16:41:55Z" name="Toverify_titleOf_testingbaba" finished-at="2024-12-17T16:41:55Z" duration-ms="24" status="PASS">
          <reporter-output>
          </reporter-output>
        </test-method> <!-- Toverify_titleOf_testingbaba -->
        <test-method is-config="true" signature="getResultAnalysis(org.testng.ITestResult)[pri:0, instance:testingbaba_tests.Login_Test@1b955cac]" started-at="2024-12-17T16:41:55Z" name="getResultAnalysis" finished-at="2024-12-17T16:41:56Z" duration-ms="351" status="PASS">
          <params>
            <param index="0">
              <value>
                <![CDATA[[TestResult name=Toverify_titleOf_testingbaba status=SUCCESS method=Login_Test.Toverify_titleOf_testingbaba()[pri:0, instance:testingbaba_tests.Login_Test@1b955cac] output={null}]]]>
              </value>
            </param>
          </params>
          <reporter-output>
          </reporter-output>
        </test-method> <!-- getResultAnalysis -->
      </class> <!-- testingbaba_tests.Login_Test -->
    </test> <!-- Default test -->
  </suite> <!-- Default suite -->
</testng-results>
